d:\work\code\timedclick\project\x64\debug\vc143.pdb
d:\work\code\timedclick\project\x64\debug\vc143.idb
d:\work\code\timedclick\project\x64\debug\project.obj
d:\work\code\timedclick\project\x64\debug\project.res
d:\work\code\timedclick\project\x64\debug\project.ilk
d:\work\code\timedclick\project\x64\debug\nativecodeanalysis.read.1.tlog
d:\work\code\timedclick\project\x64\debug\project.nativecodeanalysis.xml
d:\work\code\timedclick\project\x64\debug\vc.nativecodeanalysis.all.xml
d:\work\code\timedclick\x64\debug\project.pdb
d:\work\code\timedclick\project\x64\debug\project.tlog\cl.command.1.tlog
d:\work\code\timedclick\project\x64\debug\project.tlog\cl.items.tlog
d:\work\code\timedclick\project\x64\debug\project.tlog\cl.read.1.tlog
d:\work\code\timedclick\project\x64\debug\project.tlog\cl.write.1.tlog
d:\work\code\timedclick\project\x64\debug\project.tlog\link-cvtres.read.1.tlog
d:\work\code\timedclick\project\x64\debug\project.tlog\link-cvtres.write.1.tlog
d:\work\code\timedclick\project\x64\debug\project.tlog\link-rc.read.1.tlog
d:\work\code\timedclick\project\x64\debug\project.tlog\link-rc.write.1.tlog
d:\work\code\timedclick\project\x64\debug\project.tlog\link.7540-cvtres.read.1.tlog
d:\work\code\timedclick\project\x64\debug\project.tlog\link.7540-cvtres.write.1.tlog
d:\work\code\timedclick\project\x64\debug\project.tlog\link.7540-rc.read.1.tlog
d:\work\code\timedclick\project\x64\debug\project.tlog\link.7540-rc.write.1.tlog
d:\work\code\timedclick\project\x64\debug\project.tlog\link.7540.read.1.tlog
d:\work\code\timedclick\project\x64\debug\project.tlog\link.7540.read.2.tlog
d:\work\code\timedclick\project\x64\debug\project.tlog\link.7540.write.1.tlog
d:\work\code\timedclick\project\x64\debug\project.tlog\link.command.1.tlog
d:\work\code\timedclick\project\x64\debug\project.tlog\link.read.1.tlog
d:\work\code\timedclick\project\x64\debug\project.tlog\link.read.2.tlog
d:\work\code\timedclick\project\x64\debug\project.tlog\link.secondary.1.tlog
d:\work\code\timedclick\project\x64\debug\project.tlog\link.write.1.tlog
d:\work\code\timedclick\project\x64\debug\project.tlog\rc.command.1.tlog
d:\work\code\timedclick\project\x64\debug\project.tlog\rc.read.1.tlog
d:\work\code\timedclick\project\x64\debug\project.tlog\rc.write.1.tlog
